d:\senior project\bndr_engine\debug\bndr_engine.lib
d:\senior project\bndr_engine\debug\bndr_engine.exp
d:\senior project\bndr_engine\bndr_engine\debug\bndr_engine.pch
d:\senior project\bndr_engine\bndr_engine\debug\vc142.pdb
d:\senior project\bndr_engine\bndr_engine\debug\vc142.idb
d:\senior project\bndr_engine\bndr_engine\debug\pch.obj
d:\senior project\bndr_engine\bndr_engine\debug\vertexarray.obj
d:\senior project\bndr_engine\bndr_engine\debug\vertexbuffer.obj
d:\senior project\bndr_engine\bndr_engine\debug\timers.obj
d:\senior project\bndr_engine\bndr_engine\debug\window.obj
d:\senior project\bndr_engine\bndr_engine\debug\indexbuffer.obj
d:\senior project\bndr_engine\bndr_engine\debug\gldebug.obj
d:\senior project\bndr_engine\bndr_engine\debug\keyboard_mouse_events.obj
d:\senior project\bndr_engine\bndr_engine\debug\dllmain.obj
d:\senior project\bndr_engine\debug\bndr_engine.ilk
d:\senior project\bndr_engine\debug\bndr_engine.dll
d:\senior project\bndr_engine\debug\bndr_engine.pdb
d:\senior project\bndr_engine\bndr_engine\debug\bndr_engine.tlog\bndr_engine.write.1u.tlog
d:\senior project\bndr_engine\bndr_engine\debug\bndr_engine.tlog\cl.command.1.tlog
d:\senior project\bndr_engine\bndr_engine\debug\bndr_engine.tlog\cl.read.1.tlog
d:\senior project\bndr_engine\bndr_engine\debug\bndr_engine.tlog\cl.write.1.tlog
d:\senior project\bndr_engine\bndr_engine\debug\bndr_engine.tlog\link.command.1.tlog
d:\senior project\bndr_engine\bndr_engine\debug\bndr_engine.tlog\link.read.1.tlog
d:\senior project\bndr_engine\bndr_engine\debug\bndr_engine.tlog\link.write.1.tlog
