  pch.cpp
C:\Program Files (x86)\Windows Kits\10\Include\10.0.18362.0\shared\minwindef.h(130,1): warning C4005: 'APIENTRY': macro redefinition
D:\Senior Project\GLFW\include\GLFW\glfw3.h(123): message : see previous definition of 'APIENTRY'
  dllmain.cpp
D:\Senior Project\BNDR_Engine\BNDR_Engine\include\window_render\timers.h(35,18): warning C4251: 'bndr::Clock::start': class 'std::chrono::time_point<std::chrono::steady_clock,std::chrono::nanoseconds>' needs to have dll-interface to be used by clients of class 'bndr::Clock'
C:\Program Files (x86)\Microsoft Visual Studio\2019\Community\VC\Tools\MSVC\14.27.29110\include\chrono(603): message : see declaration of 'std::chrono::time_point<std::chrono::steady_clock,std::chrono::nanoseconds>'
D:\Senior Project\BNDR_Engine\BNDR_Engine\include\window_render\timers.h(37,16): warning C4251: 'bndr::Clock::end': class 'std::chrono::time_point<std::chrono::steady_clock,std::chrono::nanoseconds>' needs to have dll-interface to be used by clients of class 'bndr::Clock'
C:\Program Files (x86)\Microsoft Visual Studio\2019\Community\VC\Tools\MSVC\14.27.29110\include\chrono(603): message : see declaration of 'std::chrono::time_point<std::chrono::steady_clock,std::chrono::nanoseconds>'
D:\Senior Project\BNDR_Engine\BNDR_Engine\include\event_objects\keyboard_mouse_events.h(75,41): warning C4275: non dll-interface class 'bndr::Event' used as base for dll-interface class 'bndr::KeyEvent'
D:\Senior Project\BNDR_Engine\BNDR_Engine\include\event_objects\events.h(30): message : see declaration of 'bndr::Event'
D:\Senior Project\BNDR_Engine\BNDR_Engine\include\event_objects\keyboard_mouse_events.h(75): message : see declaration of 'bndr::KeyEvent'
D:\Senior Project\BNDR_Engine\BNDR_Engine\include\event_objects\keyboard_mouse_events.h(92,43): warning C4275: non dll-interface class 'bndr::Event' used as base for dll-interface class 'bndr::MouseEvent'
D:\Senior Project\BNDR_Engine\BNDR_Engine\include\event_objects\events.h(30): message : see declaration of 'bndr::Event'
D:\Senior Project\BNDR_Engine\BNDR_Engine\include\event_objects\keyboard_mouse_events.h(92): message : see declaration of 'bndr::MouseEvent'
D:\Senior Project\BNDR_Engine\BNDR_Engine\include\window_render\window.h(56,35): warning C4251: 'bndr::Window::keyEvents': class 'bndr::Queue<bndr::KeyEvent>' needs to have dll-interface to be used by clients of class 'bndr::Window'
D:\Senior Project\BNDR_Engine\BNDR_Engine\include\window_render\window.h(56): message : see declaration of 'bndr::Queue<bndr::KeyEvent>'
D:\Senior Project\BNDR_Engine\BNDR_Engine\include\window_render\window.h(58,39): warning C4251: 'bndr::Window::mouseEvents': class 'bndr::Queue<bndr::MouseEvent>' needs to have dll-interface to be used by clients of class 'bndr::Window'
D:\Senior Project\BNDR_Engine\BNDR_Engine\include\window_render\window.h(58): message : see declaration of 'bndr::Queue<bndr::MouseEvent>'
D:\Senior Project\BNDR_Engine\BNDR_Engine\include\window_render\window.h(60,41): warning C4251: 'bndr::Window::scrollEvents': class 'bndr::Queue<bndr::ScrollEvent>' needs to have dll-interface to be used by clients of class 'bndr::Window'
D:\Senior Project\BNDR_Engine\BNDR_Engine\include\window_render\window.h(60): message : see declaration of 'bndr::Queue<bndr::ScrollEvent>'
  keyboard_mouse_events.cpp
D:\Senior Project\BNDR_Engine\BNDR_Engine\include\event_objects\keyboard_mouse_events.h(75,41): warning C4275: non dll-interface class 'bndr::Event' used as base for dll-interface class 'bndr::KeyEvent'
D:\Senior Project\BNDR_Engine\BNDR_Engine\include\event_objects\events.h(30): message : see declaration of 'bndr::Event'
D:\Senior Project\BNDR_Engine\BNDR_Engine\include\event_objects\keyboard_mouse_events.h(75): message : see declaration of 'bndr::KeyEvent'
D:\Senior Project\BNDR_Engine\BNDR_Engine\include\event_objects\keyboard_mouse_events.h(92,43): warning C4275: non dll-interface class 'bndr::Event' used as base for dll-interface class 'bndr::MouseEvent'
D:\Senior Project\BNDR_Engine\BNDR_Engine\include\event_objects\events.h(30): message : see declaration of 'bndr::Event'
D:\Senior Project\BNDR_Engine\BNDR_Engine\include\event_objects\keyboard_mouse_events.h(92): message : see declaration of 'bndr::MouseEvent'
  window.cpp
D:\Senior Project\BNDR_Engine\BNDR_Engine\include\event_objects\keyboard_mouse_events.h(75,41): warning C4275: non dll-interface class 'bndr::Event' used as base for dll-interface class 'bndr::KeyEvent'
D:\Senior Project\BNDR_Engine\BNDR_Engine\include\event_objects\events.h(30): message : see declaration of 'bndr::Event'
D:\Senior Project\BNDR_Engine\BNDR_Engine\include\event_objects\keyboard_mouse_events.h(75): message : see declaration of 'bndr::KeyEvent'
D:\Senior Project\BNDR_Engine\BNDR_Engine\include\event_objects\keyboard_mouse_events.h(92,43): warning C4275: non dll-interface class 'bndr::Event' used as base for dll-interface class 'bndr::MouseEvent'
D:\Senior Project\BNDR_Engine\BNDR_Engine\include\event_objects\events.h(30): message : see declaration of 'bndr::Event'
D:\Senior Project\BNDR_Engine\BNDR_Engine\include\event_objects\keyboard_mouse_events.h(92): message : see declaration of 'bndr::MouseEvent'
D:\Senior Project\BNDR_Engine\BNDR_Engine\include\window_render\window.h(56,35): warning C4251: 'bndr::Window::keyEvents': class 'bndr::Queue<bndr::KeyEvent>' needs to have dll-interface to be used by clients of class 'bndr::Window'
D:\Senior Project\BNDR_Engine\BNDR_Engine\include\window_render\window.h(56): message : see declaration of 'bndr::Queue<bndr::KeyEvent>'
D:\Senior Project\BNDR_Engine\BNDR_Engine\include\window_render\window.h(58,39): warning C4251: 'bndr::Window::mouseEvents': class 'bndr::Queue<bndr::MouseEvent>' needs to have dll-interface to be used by clients of class 'bndr::Window'
D:\Senior Project\BNDR_Engine\BNDR_Engine\include\window_render\window.h(58): message : see declaration of 'bndr::Queue<bndr::MouseEvent>'
D:\Senior Project\BNDR_Engine\BNDR_Engine\include\window_render\window.h(60,41): warning C4251: 'bndr::Window::scrollEvents': class 'bndr::Queue<bndr::ScrollEvent>' needs to have dll-interface to be used by clients of class 'bndr::Window'
D:\Senior Project\BNDR_Engine\BNDR_Engine\include\window_render\window.h(60): message : see declaration of 'bndr::Queue<bndr::ScrollEvent>'
  timers.cpp
D:\Senior Project\BNDR_Engine\BNDR_Engine\include\window_render\timers.h(35,18): warning C4251: 'bndr::Clock::start': class 'std::chrono::time_point<std::chrono::steady_clock,std::chrono::nanoseconds>' needs to have dll-interface to be used by clients of class 'bndr::Clock'
C:\Program Files (x86)\Microsoft Visual Studio\2019\Community\VC\Tools\MSVC\14.27.29110\include\chrono(603): message : see declaration of 'std::chrono::time_point<std::chrono::steady_clock,std::chrono::nanoseconds>'
D:\Senior Project\BNDR_Engine\BNDR_Engine\include\window_render\timers.h(37,16): warning C4251: 'bndr::Clock::end': class 'std::chrono::time_point<std::chrono::steady_clock,std::chrono::nanoseconds>' needs to have dll-interface to be used by clients of class 'bndr::Clock'
C:\Program Files (x86)\Microsoft Visual Studio\2019\Community\VC\Tools\MSVC\14.27.29110\include\chrono(603): message : see declaration of 'std::chrono::time_point<std::chrono::steady_clock,std::chrono::nanoseconds>'
  VertexBuffer.cpp
  Generating Code...
     Creating library D:\Senior Project\BNDR_Engine\Debug\BNDR_Engine.lib and object D:\Senior Project\BNDR_Engine\Debug\BNDR_Engine.exp
  BNDR_Engine.vcxproj -> D:\Senior Project\BNDR_Engine\Debug\BNDR_Engine.dll
  0 File(s) copied
