d:\senior project\bndr_engine\x64\debug\bndr_engine.lib
d:\senior project\bndr_engine\x64\debug\bndr_engine.exp
d:\senior project\bndr_engine\bndr_engine\x64\debug\bndr_engine.pch
d:\senior project\bndr_engine\bndr_engine\x64\debug\vc142.pdb
d:\senior project\bndr_engine\bndr_engine\x64\debug\vc142.idb
d:\senior project\bndr_engine\bndr_engine\x64\debug\pch.obj
d:\senior project\bndr_engine\bndr_engine\x64\debug\vectors.obj
d:\senior project\bndr_engine\bndr_engine\x64\debug\textures.obj
d:\senior project\bndr_engine\bndr_engine\x64\debug\shaders.obj
d:\senior project\bndr_engine\bndr_engine\x64\debug\vertexarray.obj
d:\senior project\bndr_engine\bndr_engine\x64\debug\vertexbuffer.obj
d:\senior project\bndr_engine\bndr_engine\x64\debug\timers.obj
d:\senior project\bndr_engine\bndr_engine\x64\debug\window.obj
d:\senior project\bndr_engine\bndr_engine\x64\debug\indexbuffer.obj
d:\senior project\bndr_engine\bndr_engine\x64\debug\gldebug.obj
d:\senior project\bndr_engine\bndr_engine\x64\debug\keyboard_mouse_events.obj
d:\senior project\bndr_engine\bndr_engine\x64\debug\dllmain.obj
d:\senior project\bndr_engine\x64\debug\bndr_engine.ilk
d:\senior project\bndr_engine\x64\debug\bndr_engine.dll
d:\senior project\bndr_engine\x64\debug\bndr_engine.pdb
d:\senior project\bndr_engine\bndr_engine\x64\debug\bndr_engine.tlog\bndr_engine.write.1u.tlog
d:\senior project\bndr_engine\bndr_engine\x64\debug\bndr_engine.tlog\cl.command.1.tlog
d:\senior project\bndr_engine\bndr_engine\x64\debug\bndr_engine.tlog\cl.read.1.tlog
d:\senior project\bndr_engine\bndr_engine\x64\debug\bndr_engine.tlog\cl.write.1.tlog
d:\senior project\bndr_engine\bndr_engine\x64\debug\bndr_engine.tlog\link.command.1.tlog
d:\senior project\bndr_engine\bndr_engine\x64\debug\bndr_engine.tlog\link.read.1.tlog
d:\senior project\bndr_engine\bndr_engine\x64\debug\bndr_engine.tlog\link.write.1.tlog
